C:\Users\Utente\Desktop\POLI\POLI 2 SEM\Strumenti e metodi del progetto\Fase 2\VV-D_2_STUDIO\Scrivania ALEX_402.607.17.dwg,Layout2,30/05/2017 00:10:27,Utente,Adobe PDF,A2,1:1,
C:\Users\Utente\Desktop\POLI\POLI 2 SEM\Strumenti e metodi del progetto\Fase 2\VV-D_2_STUDIO\Scrivania ALEX_402.607.17.dwg,Layout2 (2),30/05/2017 00:13:27,Utente,Adobe PDF,A2,1:1,
C:\Users\Utente\Desktop\POLI\POLI 2 SEM\Strumenti e metodi del progetto\Fase 2\VV-D_2_STUDIO\Scrivania ALEX_402.607.17.dwg,Layout2 (3),30/05/2017 00:14:34,Utente,Adobe PDF,A2,1:1,
C:\Users\Utente\Desktop\POLI\POLI 2 SEM\Strumenti e metodi del progetto\Fase 2\VV-D_2_STUDIO\Scrivania ALEX_402.607.17.dwg,Layout2 (4),30/05/2017 00:15:12,Utente,Adobe PDF,A2,1:1,
C:\Users\Utente\Desktop\POLI\POLI 2 SEM\Strumenti e metodi del progetto\Fase 2\VV-D_2_STUDIO\Scrivania ALEX_402.607.17.dwg,Layout1,30/05/2017 00:15:35,Utente,Adobe PDF,A2,1:1,
C:\Users\Utente\Desktop\POLI\POLI 2 SEM\Strumenti e metodi del progetto\Fase 2\VV-D_2_STUDIO\Scrivania ALEX_402.607.17.dwg,Layout2 (4),10/06/2017 18:56:49,Utente,Adobe PDF,A2,1:1,
C:\Users\Utente\Desktop\POLI\POLI 2 SEM\Strumenti e metodi del progetto\Fase 2\VV-D_2_STUDIO\Scrivania ALEX_402.607.17.dwg,Layout2,10/06/2017 19:01:50,Utente,Adobe PDF,A2,1:1,
C:\Users\Utente\Desktop\POLI\POLI 2 SEM\Strumenti e metodi del progetto\Fase 2\VV-D_2_STUDIO\Scrivania ALEX_402.607.17.dwg,Layout2 (2),10/06/2017 19:02:19,Utente,Adobe PDF,A2,1:1,
C:\Users\Utente\Desktop\POLI\POLI 2 SEM\Strumenti e metodi del progetto\Fase 2\VV-D_2_STUDIO\Scrivania ALEX_402.607.17.dwg,Layout2 (3),10/06/2017 19:03:54,Utente,Adobe PDF,A2,1:1,
C:\Users\Utente\Desktop\POLI\POLI 2 SEM\Strumenti e metodi del progetto\Fase 2\VV-D_2_STUDIO\Scrivania ALEX_402.607.17.dwg,Layout2 (4),10/06/2017 19:04:19,Utente,Adobe PDF,A2,1:1,
C:\Users\Utente\Desktop\POLI\POLI 2 SEM\Strumenti e metodi del progetto\Fase 2\VV-D_2_STUDIO\Scrivania ALEX_402.607.17.dwg,Layout1,10/06/2017 19:04:36,Utente,Adobe PDF,A2,1:1,
C:\Users\Utente\Desktop\POLI\POLI 2 SEM\Strumenti e metodi del progetto\Fase 2\VV-D_2_STUDIO\Libreria Kallax_302.758.61.dwg,Layout2 (2),30/06/2017 14:08:37,Utente,Adobe PDF,A2,1:1,
C:\Users\Utente\Desktop\POLI\POLI 2 SEM\Strumenti e metodi del progetto\Fase 2\VV-D_2_STUDIO\Libreria Kallax_302.758.61.dwg,Layout2 (2),30/06/2017 14:35:36,Utente,Adobe PDF,A2,1:1,
C:\Users\Utente\Desktop\POLI\POLI 2 SEM\Strumenti e metodi del progetto\Fase 2\VV-D_2_STUDIO\Libreria Kallax_302.758.61.dwg,Layout2,30/06/2017 14:36:11,Utente,Adobe PDF,A2,1:1,
C:\Users\Utente\Desktop\POLI\POLI 2 SEM\Strumenti e metodi del progetto\Fase 2\VV-D_2_STUDIO\Libreria Kallax_302.758.61.dwg,Layout3,30/06/2017 14:36:33,Utente,Adobe PDF,A2,1:1,
C:\Users\Utente\Desktop\POLI\POLI 2 SEM\Strumenti e metodi del progetto\Fase 2\VV-D_2_STUDIO\Libreria Kallax_302.758.61.dwg,Layout1,30/06/2017 14:38:30,Utente,Adobe PDF,A2,1:1,
C:\Users\Utente\Desktop\POLI\POLI 2 SEM\Strumenti e metodi del progetto\Fase 2\VV-D_2_STUDIO\Libreria Kallax_302.758.61.dwg,Layout1,04/07/2017 10:28:29,Utente,Adobe PDF,A2,1:1,
C:\Users\Utente\Desktop\POLI\POLI 2 SEM\Strumenti e metodi del progetto\Fase 2\VV-D_2_STUDIO\Scrivania ALEX_402.607.17.dwg,Layout1,04/07/2017 12:39:03,Utente,Adobe PDF,A2,1:1,
C:\Users\Utente\Desktop\POLI\POLI 2 SEM\Strumenti e metodi del progetto\Fase 2\VV-D_2_STUDIO\Scrivania ALEX_402.607.17.dwg,Layout2,04/07/2017 12:43:43,Utente,Adobe PDF,A2,1:1,
C:\Users\Utente\Desktop\POLI\POLI 2 SEM\Strumenti e metodi del progetto\Fase 2\VV-D_2_STUDIO\Scrivania ALEX_402.607.17.dwg,Layout2,04/07/2017 12:46:49,Utente,Adobe PDF,A2,1:1,
C:\Users\Utente\Desktop\POLI\POLI 2 SEM\Strumenti e metodi del progetto\Fase 2\VV-D_2_STUDIO\Scrivania ALEX_402.607.17.dwg,Layout3,04/07/2017 12:48:22,Utente,Adobe PDF,A2,1:1,
C:\Users\Utente\Desktop\POLI\POLI 2 SEM\Strumenti e metodi del progetto\Fase 2\VV-D_2_STUDIO\Scrivania ALEX_402.607.17.dwg,Layout4,04/07/2017 12:48:36,Utente,Adobe PDF,A2,1:1,
C:\Users\Utente\Desktop\POLI\POLI 2 SEM\Strumenti e metodi del progetto\Fase 2\VV-D_2_STUDIO\Scrivania ALEX_402.607.17.dwg,Layout5,04/07/2017 12:49:29,Utente,Adobe PDF,A2,1:1,
C:\Users\Utente\Desktop\POLI\POLI 2 SEM\Strumenti e metodi del progetto\Fase 2\VV-D_2_STUDIO\Libreria Kallax_302.758.61.dwg,Layout1,04/07/2017 12:59:09,Utente,Adobe PDF,A2,1:1,
C:\Users\Utente\Desktop\POLI\POLI 2 SEM\Strumenti e metodi del progetto\Fase 2\VV-D_2_STUDIO\Libreria Kallax_302.758.61.dwg,Layout2,04/07/2017 12:59:38,Utente,Adobe PDF,A2,1:1,
C:\Users\Utente\Desktop\POLI\POLI 2 SEM\Strumenti e metodi del progetto\Fase 2\VV-D_2_STUDIO\Libreria Kallax_302.758.61.dwg,Layout3,04/07/2017 13:00:24,Utente,Adobe PDF,A2,1:1,
C:\Users\Utente\Desktop\POLI\POLI 2 SEM\Strumenti e metodi del progetto\Fase 2\VV-D_2_STUDIO\Libreria Kallax_302.758.61.dwg,Layout4,04/07/2017 13:02:12,Utente,Adobe PDF,A2,1:1,
C:\Users\Utente\Desktop\POLI\POLI 2 SEM\Strumenti e metodi del progetto\Fase 2\VV-D_2_STUDIO\Sedia ADDE_102.191.78.dwg,Layout1,04/07/2017 13:10:16,Utente,Adobe PDF,A2,1:1,
C:\Users\Utente\Desktop\POLI\POLI 2 SEM\Strumenti e metodi del progetto\Fase 2\VV-D_2_STUDIO\Sedia ADDE_102.191.78.dwg,Layout2,04/07/2017 13:10:42,Utente,Adobe PDF,A2,1:1,
C:\Users\Utente\Desktop\POLI\POLI 2 SEM\Strumenti e metodi del progetto\Fase 2\VV-D_2_STUDIO\Sedia ADDE_102.191.78.dwg,Layout3,04/07/2017 13:11:28,Utente,Adobe PDF,A2,1:1,
C:\Users\Utente\Desktop\POLI\POLI 2 SEM\Strumenti e metodi del progetto\Fase 2\VV-D_2_STUDIO\Sedia ADDE_102.191.78.dwg,Layout1,17/07/2017 12:30:48,Utente,Adobe PDF,A2,1:1,
C:\Users\Utente\Desktop\POLI\POLI 2 SEM\Strumenti e metodi del progetto\Fase 2\VV-D_2_STUDIO\Sedia ADDE_102.191.78.dwg,Layout2,17/07/2017 12:31:40,Utente,Adobe PDF,A2,1:1,
C:\Users\Utente\Desktop\POLI\POLI 2 SEM\Strumenti e metodi del progetto\Fase 2\VV-D_2_STUDIO\Sedia ADDE_102.191.78.dwg,Layout3,17/07/2017 12:32:10,Utente,Adobe PDF,A2,1:1,
C:\Users\Utente\Desktop\POLI\POLI 2 SEM\Strumenti e metodi del progetto\Fase 2\VV-D_2_STUDIO\Sedia ADDE_102.191.78.dwg,Layout4,17/07/2017 12:32:36,Utente,Adobe PDF,A2,1:1,
C:\Users\Utente\Desktop\POLI\POLI 2 SEM\Strumenti e metodi del progetto\Fase 2\VV-D_2_STUDIO\Scrivania ALEX_402.607.17.dwg,Layout1,17/07/2017 12:34:18,Utente,Adobe PDF,A2,1:1,
C:\Users\Utente\Desktop\POLI\POLI 2 SEM\Strumenti e metodi del progetto\Fase 2\VV-D_2_STUDIO\Scrivania ALEX_402.607.17.dwg,Layout2,17/07/2017 12:34:44,Utente,Adobe PDF,A2,1:1,
C:\Users\Utente\Desktop\POLI\POLI 2 SEM\Strumenti e metodi del progetto\Fase 2\VV-D_2_STUDIO\Scrivania ALEX_402.607.17.dwg,Layout3,17/07/2017 12:34:59,Utente,Adobe PDF,A2,1:1,
C:\Users\Utente\Desktop\POLI\POLI 2 SEM\Strumenti e metodi del progetto\Fase 2\VV-D_2_STUDIO\Scrivania ALEX_402.607.17.dwg,Layout4,17/07/2017 12:35:16,Utente,Adobe PDF,A2,1:1,
C:\Users\Utente\Desktop\POLI\POLI 2 SEM\Strumenti e metodi del progetto\Fase 2\VV-D_2_STUDIO\Scrivania ALEX_402.607.17.dwg,Layout5,17/07/2017 12:35:28,Utente,Adobe PDF,A2,1:1,
C:\Users\Utente\Desktop\POLI\POLI 2 SEM\Strumenti e metodi del progetto\Fase 2\VV-D_2_STUDIO\Libreria Kallax_302.758.61.dwg,Layout1,17/07/2017 12:36:42,Utente,Adobe PDF,A2,1:1,
C:\Users\Utente\Desktop\POLI\POLI 2 SEM\Strumenti e metodi del progetto\Fase 2\VV-D_2_STUDIO\Libreria Kallax_302.758.61.dwg,Layout2,17/07/2017 12:36:56,Utente,Adobe PDF,A2,1:1,
C:\Users\Utente\Desktop\POLI\POLI 2 SEM\Strumenti e metodi del progetto\Fase 2\VV-D_2_STUDIO\Libreria Kallax_302.758.61.dwg,Layout3,17/07/2017 12:37:11,Utente,Adobe PDF,A2,1:1,
C:\Users\Utente\Desktop\POLI\POLI 2 SEM\Strumenti e metodi del progetto\Fase 2\VV-D_2_STUDIO\Libreria Kallax_302.758.61.dwg,Layout4,17/07/2017 12:37:20,Utente,Adobe PDF,A2,1:1,
